<?xml version="1.0" encoding="UTF-8"?>
<testsuite name="edu.csula.storage.servlet.EventsDAOImplTest" tests="6" skipped="0" failures="0" errors="0" timestamp="2018-04-10T20:19:35" hostname="LAPTOP-4J885H6Q" time="0.722">
  <properties/>
  <testcase name="getAll" classname="edu.csula.storage.servlet.EventsDAOImplTest" time="0.715"/>
  <testcase name="remove" classname="edu.csula.storage.servlet.EventsDAOImplTest" time="0.001"/>
  <testcase name="getById" classname="edu.csula.storage.servlet.EventsDAOImplTest" time="0.002"/>
  <testcase name="add" classname="edu.csula.storage.servlet.EventsDAOImplTest" time="0.001"/>
  <testcase name="set" classname="edu.csula.storage.servlet.EventsDAOImplTest" time="0.001"/>
  <testcase name="getAllWhenNull" classname="edu.csula.storage.servlet.EventsDAOImplTest" time="0.001"/>
  <system-out><![CDATA[]]></system-out>
  <system-err><![CDATA[]]></system-err>
</testsuite>
