<?xml version="1.0" encoding="UTF-8"?>
<testsuite name="edu.csula.models.EventTest" tests="2" skipped="0" failures="0" errors="0" timestamp="2018-04-18T22:21:01" hostname="LAPTOP-4J885H6Q" time="0.002">
  <properties/>
  <testcase name="testEquals" classname="edu.csula.models.EventTest" time="0.002"/>
  <testcase name="testNotEquals" classname="edu.csula.models.EventTest" time="0.0"/>
  <system-out><![CDATA[]]></system-out>
  <system-err><![CDATA[]]></system-err>
</testsuite>
