<?xml version="1.0" encoding="UTF-8"?>
<testsuite name="hello.SimpleMathTest" tests="1" skipped="0" failures="0" errors="0" timestamp="2018-04-18T22:21:02" hostname="LAPTOP-4J885H6Q" time="0.001">
  <properties/>
  <testcase name="add" classname="hello.SimpleMathTest" time="0.001"/>
  <system-out><![CDATA[]]></system-out>
  <system-err><![CDATA[]]></system-err>
</testsuite>
